C51 COMPILER V9.00   VARS                                                                  01/02/2014 20:58:30 PAGE 1   


C51 COMPILER V9.00, COMPILATION OF MODULE VARS
OBJECT MODULE PLACED IN .\vars.obj
COMPILER INVOKED BY: C:\Keil\C51\BIN\C51.EXE ..\source\main\vars.c LARGE BROWSE DEBUG OBJECTEXTEND PRINT(.\vars.lst) OBJ
                    -ECT(.\vars.obj)

line level    source

   1          #include "../include/stdafx.h"
   2          
   3          u8 addr = 0x55;
   4          u16 T0 = 0x0000, T1 = 0x0000;
   5          u16 PR0 = 0x0000, PR1 = 0x0000, PR2 = 0x0000;
   6          u8 V0 = 0x00, V1 = 0x00, V2 = 0x00;
   7          u8 now_V0 = 0x00, now_V1 = 0x00, now_V2 = 0x00;
   8          u32 status = 0x00000000;
   9          u32 inner_flags = 0x00000000;
  10          u16 rcv_chars = 0x0000;
  11          u8 alrm = 0;
  12          struct cmd_struct cs, valid_cs;
  13          struct return_struct rs;


MODULE INFORMATION:   STATIC OVERLAYABLE
   CODE SIZE        =   ----    ----
   CONSTANT SIZE    =   ----    ----
   XDATA SIZE       =     60    ----
   PDATA SIZE       =   ----    ----
   DATA SIZE        =   ----    ----
   IDATA SIZE       =   ----    ----
   BIT SIZE         =   ----    ----
END OF MODULE INFORMATION.


C51 COMPILATION COMPLETE.  0 WARNING(S),  0 ERROR(S)
